# JRE version: Java(TM) SE Runtime Environment (21.0.5+9) (build 21.0.5+9-LTS-239)
# Java VM: Java HotSpot(TM) 64-Bit Server VM (21.0.5+9-LTS-239, mixed mode, sharing, tiered, compressed oops, compressed class ptrs, g1 gc, windows-amd64)
GC Precious Log:
 CardTable entry size: 512
 Card Set container configuration: InlinePtr #cards 4 size 8 Array Of Cards #cards 16 size 48 Howl #buckets 8 coarsen threshold 3686 Howl Bitmap #cards 512 size 80 coarsen threshold 460 Card regions per heap region 1 cards per card region 4096
 CPUs: 16 total, 16 available
 Memory: 16098M
 Large Page Support: Disabled
 NUMA Support: Disabled
 Compressed Oops: Enabled (Zero based)
 Heap Region Size: 2M
 Heap Min Capacity: 8M
 Heap Initial Capacity: 252M
 Heap Max Capacity: 4026M
 Pre-touch: Disabled
 Parallel Workers: 13
 Concurrent Workers: 3
 Concurrent Refinement Workers: 13
 Periodic GC: Disabled
Heap:
 garbage-first heap   total 79872K, used 61466K [0x0000000704600000, 0x0000000800000000)
  region size 2048K, 12 young (24576K), 1 survivors (2048K)
 Metaspace       used 89213K, committed 89856K, reserved 1179648K
  class space    used 12079K, committed 12352K, reserved 1048576K
GC Heap History (20 events):
Event: 11.341 GC heap before
{Heap before GC invocations=6 (full 0):
 garbage-first heap   total 79872K, used 33828K [0x0000000704600000, 0x0000000800000000)
  region size 2048K, 9 young (18432K), 2 survivors (4096K)
 Metaspace       used 35729K, committed 36160K, reserved 1114112K
  class space    used 4535K, committed 4736K, reserved 1048576K
}
Event: 11.347 GC heap after
{Heap after GC invocations=7 (full 0):
 garbage-first heap   total 79872K, used 22052K [0x0000000704600000, 0x0000000800000000)
  region size 2048K, 2 young (4096K), 2 survivors (4096K)
 Metaspace       used 35729K, committed 36160K, reserved 1114112K
  class space    used 4535K, committed 4736K, reserved 1048576K
}
Event: 13.621 GC heap before
{Heap before GC invocations=8 (full 0):
 garbage-first heap   total 79872K, used 63012K [0x0000000704600000, 0x0000000800000000)
  region size 2048K, 23 young (47104K), 2 survivors (4096K)
 Metaspace       used 43014K, committed 43584K, reserved 1114112K
  class space    used 5550K, committed 5824K, reserved 1048576K
}
Event: 13.629 GC heap after
{Heap after GC invocations=9 (full 0):
 garbage-first heap   total 79872K, used 25136K [0x0000000704600000, 0x0000000800000000)
  region size 2048K, 3 young (6144K), 3 survivors (6144K)
 Metaspace       used 43014K, committed 43584K, reserved 1114112K
  class space    used 5550K, committed 5824K, reserved 1048576K
}
Event: 16.261 GC heap before
{Heap before GC invocations=9 (full 0):
 garbage-first heap   total 79872K, used 64048K [0x0000000704600000, 0x0000000800000000)
  region size 2048K, 22 young (45056K), 3 survivors (6144K)
 Metaspace       used 56201K, committed 56832K, reserved 1114112K
  class space    used 7265K, committed 7552K, reserved 1048576K
}
Event: 16.268 GC heap after
{Heap after GC invocations=10 (full 0):
 garbage-first heap   total 79872K, used 28207K [0x0000000704600000, 0x0000000800000000)
  region size 2048K, 3 young (6144K), 3 survivors (6144K)
 Metaspace       used 56201K, committed 56832K, reserved 1114112K
  class space    used 7265K, committed 7552K, reserved 1048576K
}
Event: 17.276 GC heap before
{Heap before GC invocations=10 (full 0):
 garbage-first heap   total 79872K, used 48687K [0x0000000704600000, 0x0000000800000000)
  region size 2048K, 14 young (28672K), 3 survivors (6144K)
 Metaspace       used 59906K, committed 60480K, reserved 1114112K
  class space    used 7684K, committed 8000K, reserved 1048576K
}
Event: 17.283 GC heap after
{Heap after GC invocations=11 (full 0):
 garbage-first heap   total 79872K, used 29947K [0x0000000704600000, 0x0000000800000000)
  region size 2048K, 1 young (2048K), 1 survivors (2048K)
 Metaspace       used 59906K, committed 60480K, reserved 1114112K
  class space    used 7684K, committed 8000K, reserved 1048576K
}
Event: 18.325 GC heap before
{Heap before GC invocations=12 (full 0):
 garbage-first heap   total 79872K, used 64763K [0x0000000704600000, 0x0000000800000000)
  region size 2048K, 19 young (38912K), 1 survivors (2048K)
 Metaspace       used 66287K, committed 66880K, reserved 1114112K
  class space    used 8718K, committed 9024K, reserved 1048576K
}
Event: 18.329 GC heap after
{Heap after GC invocations=13 (full 0):
 garbage-first heap   total 79872K, used 30681K [0x0000000704600000, 0x0000000800000000)
  region size 2048K, 2 young (4096K), 2 survivors (4096K)
 Metaspace       used 66287K, committed 66880K, reserved 1114112K
  class space    used 8718K, committed 9024K, reserved 1048576K
}
Event: 22.311 GC heap before
{Heap before GC invocations=13 (full 0):
 garbage-first heap   total 79872K, used 67545K [0x0000000704600000, 0x0000000800000000)
  region size 2048K, 20 young (40960K), 2 survivors (4096K)
 Metaspace       used 73749K, committed 74432K, reserved 1114112K
  class space    used 9690K, committed 9984K, reserved 1048576K
}
Event: 22.316 GC heap after
{Heap after GC invocations=14 (full 0):
 garbage-first heap   total 79872K, used 33168K [0x0000000704600000, 0x0000000800000000)
  region size 2048K, 3 young (6144K), 3 survivors (6144K)
 Metaspace       used 73749K, committed 74432K, reserved 1114112K
  class space    used 9690K, committed 9984K, reserved 1048576K
}
Event: 23.347 GC heap before
{Heap before GC invocations=14 (full 0):
 garbage-first heap   total 79872K, used 63888K [0x0000000704600000, 0x0000000800000000)
  region size 2048K, 19 young (38912K), 3 survivors (6144K)
 Metaspace       used 81806K, committed 82496K, reserved 1179648K
  class space    used 10813K, committed 11136K, reserved 1048576K
}
Event: 23.353 GC heap after
{Heap after GC invocations=15 (full 0):
 garbage-first heap   total 79872K, used 35884K [0x0000000704600000, 0x0000000800000000)
  region size 2048K, 3 young (6144K), 3 survivors (6144K)
 Metaspace       used 81806K, committed 82496K, reserved 1179648K
  class space    used 10813K, committed 11136K, reserved 1048576K
}
Event: 24.090 GC heap before
{Heap before GC invocations=15 (full 0):
 garbage-first heap   total 79872K, used 66604K [0x0000000704600000, 0x0000000800000000)
  region size 2048K, 18 young (36864K), 3 survivors (6144K)
 Metaspace       used 85399K, committed 86144K, reserved 1179648K
  class space    used 11395K, committed 11712K, reserved 1048576K
}
Event: 24.097 GC heap after
{Heap after GC invocations=16 (full 0):
 garbage-first heap   total 79872K, used 38990K [0x0000000704600000, 0x0000000800000000)
  region size 2048K, 3 young (6144K), 3 survivors (6144K)
 Metaspace       used 85399K, committed 86144K, reserved 1179648K
  class space    used 11395K, committed 11712K, reserved 1048576K
}
Event: 24.435 GC heap before
{Heap before GC invocations=16 (full 0):
 garbage-first heap   total 79872K, used 65614K [0x0000000704600000, 0x0000000800000000)
  region size 2048K, 16 young (32768K), 3 survivors (6144K)
 Metaspace       used 87252K, committed 87936K, reserved 1179648K
  class space    used 11774K, committed 12096K, reserved 1048576K
}
Event: 24.439 GC heap after
{Heap after GC invocations=17 (full 0):
 garbage-first heap   total 79872K, used 41457K [0x0000000704600000, 0x0000000800000000)
  region size 2048K, 2 young (4096K), 2 survivors (4096K)
 Metaspace       used 87252K, committed 87936K, reserved 1179648K
  class space    used 11774K, committed 12096K, reserved 1048576K
}
Event: 24.681 GC heap before
{Heap before GC invocations=17 (full 0):
 garbage-first heap   total 79872K, used 68081K [0x0000000704600000, 0x0000000800000000)
  region size 2048K, 15 young (30720K), 2 survivors (4096K)
 Metaspace       used 87922K, committed 88640K, reserved 1179648K
  class space    used 11839K, committed 12160K, reserved 1048576K
}
Event: 24.685 GC heap after
{Heap after GC invocations=18 (full 0):
 garbage-first heap   total 79872K, used 40986K [0x0000000704600000, 0x0000000800000000)
  region size 2048K, 1 young (2048K), 1 survivors (2048K)
 Metaspace       used 87922K, committed 88640K, reserved 1179648K
  class space    used 11839K, committed 12160K, reserved 1048576K
}

