# JRE version: Java(TM) SE Runtime Environment (21.0.5+9) (build 21.0.5+9-LTS-239)
# Java VM: Java HotSpot(TM) 64-Bit Server VM (21.0.5+9-LTS-239, mixed mode, sharing, tiered, compressed oops, compressed class ptrs, g1 gc, windows-amd64)
GC Precious Log:
 CardTable entry size: 512
 Card Set container configuration: InlinePtr #cards 4 size 8 Array Of Cards #cards 16 size 48 Howl #buckets 8 coarsen threshold 3686 Howl Bitmap #cards 512 size 80 coarsen threshold 460 Card regions per heap region 1 cards per card region 4096
 CPUs: 16 total, 16 available
 Memory: 16098M
 Large Page Support: Disabled
 NUMA Support: Disabled
 Compressed Oops: Enabled (Zero based)
 Heap Region Size: 2M
 Heap Min Capacity: 8M
 Heap Initial Capacity: 252M
 Heap Max Capacity: 4026M
 Pre-touch: Disabled
 Parallel Workers: 13
 Concurrent Workers: 3
 Concurrent Refinement Workers: 13
 Periodic GC: Disabled
Heap:
 garbage-first heap   total 79872K, used 49906K [0x0000000704600000, 0x0000000800000000)
  region size 2048K, 13 young (26624K), 3 survivors (6144K)
 Metaspace       used 79408K, committed 80128K, reserved 1179648K
  class space    used 10478K, committed 10816K, reserved 1048576K
GC Heap History (20 events):
Event: 2.449 GC heap before
{Heap before GC invocations=1 (full 0):
 garbage-first heap   total 258048K, used 29304K [0x0000000704600000, 0x0000000800000000)
  region size 2048K, 13 young (26624K), 2 survivors (4096K)
 Metaspace       used 9802K, committed 10112K, reserved 1114112K
  class space    used 1156K, committed 1280K, reserved 1048576K
}
Event: 2.456 GC heap after
{Heap after GC invocations=2 (full 0):
 garbage-first heap   total 258048K, used 11309K [0x0000000704600000, 0x0000000800000000)
  region size 2048K, 1 young (2048K), 1 survivors (2048K)
 Metaspace       used 9802K, committed 10112K, reserved 1114112K
  class space    used 1156K, committed 1280K, reserved 1048576K
}
Event: 4.446 GC heap before
{Heap before GC invocations=2 (full 0):
 garbage-first heap   total 258048K, used 66605K [0x0000000704600000, 0x0000000800000000)
  region size 2048K, 29 young (59392K), 1 survivors (2048K)
 Metaspace       used 21173K, committed 21504K, reserved 1114112K
  class space    used 2589K, committed 2752K, reserved 1048576K
}
Event: 4.456 GC heap after
{Heap after GC invocations=3 (full 0):
 garbage-first heap   total 258048K, used 15710K [0x0000000704600000, 0x0000000800000000)
  region size 2048K, 4 young (8192K), 4 survivors (8192K)
 Metaspace       used 21173K, committed 21504K, reserved 1114112K
  class space    used 2589K, committed 2752K, reserved 1048576K
}
Event: 6.648 GC heap before
{Heap before GC invocations=4 (full 0):
 garbage-first heap   total 69632K, used 64862K [0x0000000704600000, 0x0000000800000000)
  region size 2048K, 29 young (59392K), 4 survivors (8192K)
 Metaspace       used 28061K, committed 28416K, reserved 1114112K
  class space    used 3513K, committed 3648K, reserved 1048576K
}
Event: 6.659 GC heap after
{Heap after GC invocations=5 (full 0):
 garbage-first heap   total 79872K, used 19688K [0x0000000704600000, 0x0000000800000000)
  region size 2048K, 5 young (10240K), 5 survivors (10240K)
 Metaspace       used 28061K, committed 28416K, reserved 1114112K
  class space    used 3513K, committed 3648K, reserved 1048576K
}
Event: 8.153 GC heap before
{Heap before GC invocations=5 (full 0):
 garbage-first heap   total 79872K, used 56552K [0x0000000704600000, 0x0000000800000000)
  region size 2048K, 23 young (47104K), 5 survivors (10240K)
 Metaspace       used 32635K, committed 33152K, reserved 1114112K
  class space    used 4173K, committed 4416K, reserved 1048576K
}
Event: 8.162 GC heap after
{Heap after GC invocations=6 (full 0):
 garbage-first heap   total 79872K, used 22259K [0x0000000704600000, 0x0000000800000000)
  region size 2048K, 2 young (4096K), 2 survivors (4096K)
 Metaspace       used 32635K, committed 33152K, reserved 1114112K
  class space    used 4173K, committed 4416K, reserved 1048576K
}
Event: 8.548 GC heap before
{Heap before GC invocations=6 (full 0):
 garbage-first heap   total 79872K, used 34547K [0x0000000704600000, 0x0000000800000000)
  region size 2048K, 9 young (18432K), 2 survivors (4096K)
 Metaspace       used 35628K, committed 36096K, reserved 1114112K
  class space    used 4525K, committed 4736K, reserved 1048576K
}
Event: 8.552 GC heap after
{Heap after GC invocations=7 (full 0):
 garbage-first heap   total 79872K, used 22702K [0x0000000704600000, 0x0000000800000000)
  region size 2048K, 2 young (4096K), 2 survivors (4096K)
 Metaspace       used 35628K, committed 36096K, reserved 1114112K
  class space    used 4525K, committed 4736K, reserved 1048576K
}
Event: 9.725 GC heap before
{Heap before GC invocations=8 (full 0):
 garbage-first heap   total 79872K, used 63662K [0x0000000704600000, 0x0000000800000000)
  region size 2048K, 22 young (45056K), 2 survivors (4096K)
 Metaspace       used 42306K, committed 42816K, reserved 1114112K
  class space    used 5421K, committed 5632K, reserved 1048576K
}
Event: 9.729 GC heap after
{Heap after GC invocations=9 (full 0):
 garbage-first heap   total 79872K, used 25469K [0x0000000704600000, 0x0000000800000000)
  region size 2048K, 2 young (4096K), 2 survivors (4096K)
 Metaspace       used 42306K, committed 42816K, reserved 1114112K
  class space    used 5421K, committed 5632K, reserved 1048576K
}
Event: 11.321 GC heap before
{Heap before GC invocations=9 (full 0):
 garbage-first heap   total 79872K, used 66429K [0x0000000704600000, 0x0000000800000000)
  region size 2048K, 22 young (45056K), 2 survivors (4096K)
 Metaspace       used 56045K, committed 56640K, reserved 1114112K
  class space    used 7247K, committed 7552K, reserved 1048576K
}
Event: 11.327 GC heap after
{Heap after GC invocations=10 (full 0):
 garbage-first heap   total 79872K, used 28086K [0x0000000704600000, 0x0000000800000000)
  region size 2048K, 3 young (6144K), 3 survivors (6144K)
 Metaspace       used 56045K, committed 56640K, reserved 1114112K
  class space    used 7247K, committed 7552K, reserved 1048576K
}
Event: 11.950 GC heap before
{Heap before GC invocations=10 (full 0):
 garbage-first heap   total 79872K, used 48566K [0x0000000704600000, 0x0000000800000000)
  region size 2048K, 14 young (28672K), 3 survivors (6144K)
 Metaspace       used 59679K, committed 60288K, reserved 1114112K
  class space    used 7672K, committed 8000K, reserved 1048576K
}
Event: 11.956 GC heap after
{Heap after GC invocations=11 (full 0):
 garbage-first heap   total 79872K, used 30336K [0x0000000704600000, 0x0000000800000000)
  region size 2048K, 2 young (4096K), 2 survivors (4096K)
 Metaspace       used 59679K, committed 60288K, reserved 1114112K
  class space    used 7672K, committed 8000K, reserved 1048576K
}
Event: 12.843 GC heap before
{Heap before GC invocations=12 (full 0):
 garbage-first heap   total 79872K, used 67200K [0x0000000704600000, 0x0000000800000000)
  region size 2048K, 20 young (40960K), 2 survivors (4096K)
 Metaspace       used 66328K, committed 66944K, reserved 1114112K
  class space    used 8729K, committed 9024K, reserved 1048576K
}
Event: 12.846 GC heap after
{Heap after GC invocations=13 (full 0):
 garbage-first heap   total 79872K, used 30975K [0x0000000704600000, 0x0000000800000000)
  region size 2048K, 2 young (4096K), 2 survivors (4096K)
 Metaspace       used 66328K, committed 66944K, reserved 1114112K
  class space    used 8729K, committed 9024K, reserved 1048576K
}
Event: 15.013 GC heap before
{Heap before GC invocations=13 (full 0):
 garbage-first heap   total 79872K, used 65791K [0x0000000704600000, 0x0000000800000000)
  region size 2048K, 20 young (40960K), 2 survivors (4096K)
 Metaspace       used 73758K, committed 74496K, reserved 1114112K
  class space    used 9700K, committed 10048K, reserved 1048576K
}
Event: 15.025 GC heap after
{Heap after GC invocations=14 (full 0):
 garbage-first heap   total 79872K, used 33522K [0x0000000704600000, 0x0000000800000000)
  region size 2048K, 3 young (6144K), 3 survivors (6144K)
 Metaspace       used 73758K, committed 74496K, reserved 1114112K
  class space    used 9700K, committed 10048K, reserved 1048576K
}

